<?xml version="1.0" encoding="UTF-8"?>
<!-- Generated by org.testng.reporters.JUnitXMLReporter -->
<testsuite ignored="0" hostname="DESKTOP-DT85C65" failures="2" tests="6" name="Test" time="0.225" errors="0" timestamp="2022-07-04T16:22:30 IST">
  <testcase classname="Listeners_Study.MY_test_class_2" name="MyMethod5" time="0.023">
    <failure type="java.lang.AssertionError" message="null">
      <![CDATA[java.lang.AssertionError: null
at Listeners_Study.MY_test_class_2.MyMethod5(MY_test_class_2.java:22)
at java.base/java.util.ArrayList.forEach(ArrayList.java:1541)
... Removed 29 stack frames]]>
    </failure>
  </testcase> <!-- MyMethod5 -->
  <testcase classname="Listeners_Study.MY_test_class_2" name="MyMethod4" time="0.005"/>
  <testcase classname="Listeners_Study.MY_test_class_2" name="MyMethod6" time="0.0">
    <skipped/>
  </testcase> <!-- MyMethod6 -->
  <testcase classname="Listeners_Study.MY_test_class" name="MyMethod1" time="0.015"/>
  <testcase classname="Listeners_Study.MY_test_class" name="MyMethod2" time="0.002">
    <failure type="java.lang.AssertionError" message="null">
      <![CDATA[java.lang.AssertionError: null
at Listeners_Study.MY_test_class.MyMethod2(MY_test_class.java:22)
at java.base/java.util.ArrayList.forEach(ArrayList.java:1541)
... Removed 29 stack frames]]>
    </failure>
  </testcase> <!-- MyMethod2 -->
  <testcase classname="Listeners_Study.MY_test_class" name="MyMethod3" time="0.0">
    <skipped/>
  </testcase> <!-- MyMethod3 -->
</testsuite> <!-- Test -->
